{
  "0 debug pnpm:scope": {
    "selected": 1
  },
  "1 error pnpm": {
    "errno": 1,
    "code": "ELIFECYCLE",
    "pkgid": "arco-design-pro-vue@1.0.0",
    "stage": "dev",
    "script": "vite --config ./config/vite.config.dev.ts",
    "pkgname": "arco-design-pro-vue",
    "err": {
      "name": "pnpm",
      "message": "arco-design-pro-vue@1.0.0 dev: `vite --config ./config/vite.config.dev.ts`\nExit status 1",
      "code": "ELIFECYCLE",
      "stack": "pnpm: arco-design-pro-vue@1.0.0 dev: `vite --config ./config/vite.config.dev.ts`\nExit status 1\n    at EventEmitter.<anonymous> (C:\\snapshot\\dist\\pnpm.cjs)\n    at EventEmitter.emit (events.js:376:20)\n    at ChildProcess.<anonymous> (C:\\snapshot\\dist\\pnpm.cjs)\n    at ChildProcess.emit (events.js:376:20)\n    at maybeClose (internal/child_process.js:1055:16)\n    at Process.ChildProcess._handle.onexit (internal/child_process.js:288:5)"
    }
  },
  "2 warn pnpm:global": " Local package.json exists, but node_modules missing, did you mean to install?"
}